<?xml version="1.0" encoding="UTF-8"?>
<!-- Generated by org.testng.reporters.JUnitXMLReporter -->
<testsuite ignored="0" hostname="Tejas" failures="0" tests="4" name="Default test" time="6.534" errors="0" timestamp="2025-06-21T14:08:54 IST">
  <testcase classname="_08_APIChaining.CreateUser" name="createUser" time="2.947"/>
  <testcase classname="_08_APIChaining.GetUser" name="getUser" time="1.171"/>
  <testcase classname="_08_APIChaining.UpdateUser" name="updateUser" time="1.274"/>
  <testcase classname="_08_APIChaining.DeleteUser" name="deleteUser" time="1.098"/>
</testsuite> <!-- Default test -->
