<?xml version="1.0" encoding="UTF-8"?>
<!-- Generated by org.testng.reporters.JUnitXMLReporter -->
<testsuite ignored="0" hostname="Tejas" failures="0" tests="4" name="Default test" time="4.338" errors="0" timestamp="2025-06-07T12:24:14 IST">
  <testcase classname="_01_Methods.HTTPMethods" name="getUsers" time="1.901"/>
  <testcase classname="_01_Methods.HTTPMethods" name="createUser" time="0.969"/>
  <testcase classname="_01_Methods.HTTPMethods" name="updateUser" time="0.763"/>
  <testcase classname="_01_Methods.HTTPMethods" name="deleteUser" time="0.667"/>
</testsuite> <!-- Default test -->
