<?xml version="1.0" encoding="UTF-8"?>
<testng-results ignored="0" total="1" passed="1" failed="0" skipped="0">
  <reporter-output>
  </reporter-output>
  <suite started-at="2025-06-08T13:43:43 IST" name="Default suite" finished-at="2025-06-08T13:43:45 IST" duration-ms="1898">
    <groups>
    </groups>
    <test started-at="2025-06-08T13:43:43 IST" name="Default test" finished-at="2025-06-08T13:43:45 IST" duration-ms="1898">
      <class name="ParsingJSONObjectResponse.StoreAPI">
        <test-method signature="testJsonResponseBody()[pri:0, instance:ParsingJSONObjectResponse.StoreAPI@cc43f62]" started-at="2025-06-08T13:43:43 IST" name="testJsonResponseBody" finished-at="2025-06-08T13:43:45 IST" duration-ms="1871" status="PASS">
          <reporter-output>
          </reporter-output>
        </test-method> <!-- testJsonResponseBody -->
      </class> <!-- ParsingJSONObjectResponse.StoreAPI -->
    </test> <!-- Default test -->
  </suite> <!-- Default suite -->
</testng-results>
