<?xml version="1.0" encoding="UTF-8"?>
<testng-results ignored="0" total="1" passed="1" failed="0" skipped="0">
  <reporter-output>
  </reporter-output>
  <suite started-at="2025-06-07T15:14:28 IST" name="Default suite" finished-at="2025-06-07T15:14:29 IST" duration-ms="1779">
    <groups>
    </groups>
    <test started-at="2025-06-07T15:14:28 IST" name="Default test" finished-at="2025-06-07T15:14:29 IST" duration-ms="1779">
      <class name="_03_Authentications.AuthenticationTests">
        <test-method signature="verifyAPIKey()[pri:0, instance:_03_Authentications.AuthenticationTests@cc43f62]" started-at="2025-06-07T15:14:28 IST" name="verifyAPIKey" finished-at="2025-06-07T15:14:29 IST" duration-ms="1745" status="PASS">
          <reporter-output>
          </reporter-output>
        </test-method> <!-- verifyAPIKey -->
      </class> <!-- _03_Authentications.AuthenticationTests -->
    </test> <!-- Default test -->
  </suite> <!-- Default suite -->
</testng-results>
